<?xml version="1.0" encoding="UTF-8"?>
<testng-results total="2" passed="2" failed="0" skipped="0">
  <reporter-output>
  </reporter-output>
  <suite started-at="2021-06-22T16:48:50Z" name="Surefire suite" finished-at="2021-06-22T16:49:01Z" duration-ms="10531">
    <groups>
    </groups>
    <test started-at="2021-06-22T16:48:50Z" name="Surefire test" finished-at="2021-06-22T16:49:01Z" duration-ms="10531">
      <class name="ru.itis.Tests.AuthorizationTest">
        <test-method is-config="true" signature="setUp()[pri:0, instance:ru.itis.Tests.AuthorizationTest@2679311f]" started-at="2021-06-22T19:48:50Z" name="setUp" finished-at="2021-06-22T19:48:54Z" duration-ms="3861" status="PASS">
          <reporter-output>
          </reporter-output>
        </test-method> <!-- setUp -->
        <test-method signature="authorizationStudent()[pri:0, instance:ru.itis.Tests.AuthorizationTest@2679311f]" started-at="2021-06-22T19:48:54Z" name="authorizationStudent" finished-at="2021-06-22T19:49:00Z" duration-ms="5366" status="PASS">
          <reporter-output>
          </reporter-output>
        </test-method> <!-- authorizationStudent -->
        <test-method signature="authorization()[pri:0, instance:ru.itis.Tests.AuthorizationTest@2679311f]" started-at="2021-06-22T19:48:54Z" name="authorization" finished-at="2021-06-22T19:49:00Z" duration-ms="5979" status="PASS">
          <reporter-output>
          </reporter-output>
        </test-method> <!-- authorization -->
        <test-method is-config="true" signature="tearDown()[pri:0, instance:ru.itis.Tests.AuthorizationTest@2679311f]" started-at="2021-06-22T19:49:00Z" name="tearDown" finished-at="2021-06-22T19:49:01Z" duration-ms="628" status="PASS">
          <reporter-output>
          </reporter-output>
        </test-method> <!-- tearDown -->
      </class> <!-- ru.itis.Tests.AuthorizationTest -->
    </test> <!-- Surefire test -->
  </suite> <!-- Surefire suite -->
</testng-results>
